<?xml version="1.0" encoding="UTF-8" ?>
<testsuite tests="62" failures="0" name="cucumberOptions.TestRunner" time="0.017" errors="0" skipped="16">
  <properties>
    <property name="java.runtime.name" value="Java(TM) SE Runtime Environment"/>
    <property name="sun.boot.library.path" value="/Library/Java/JavaVirtualMachines/jdk1.8.0_131.jdk/Contents/Home/jre/lib"/>
    <property name="java.vm.version" value="25.131-b11"/>
    <property name="user.country.format" value="IN"/>
    <property name="gopherProxySet" value="false"/>
    <property name="java.vm.vendor" value="Oracle Corporation"/>
    <property name="maven.multiModuleProjectDirectory" value="/Users/vinaysimha.varma/eclipse-workspace/MyCucumber"/>
    <property name="java.vendor.url" value="http://java.oracle.com/"/>
    <property name="path.separator" value=":"/>
    <property name="guice.disable.misplaced.annotation.check" value="true"/>
    <property name="java.vm.name" value="Java HotSpot(TM) 64-Bit Server VM"/>
    <property name="file.encoding.pkg" value="sun.io"/>
    <property name="user.country" value="US"/>
    <property name="sun.java.launcher" value="SUN_STANDARD"/>
    <property name="sun.os.patch.level" value="unknown"/>
    <property name="java.vm.specification.name" value="Java Virtual Machine Specification"/>
    <property name="user.dir" value="/Users/vinaysimha.varma/eclipse-workspace/MyCucumber"/>
    <property name="java.runtime.version" value="1.8.0_131-b11"/>
    <property name="java.awt.graphicsenv" value="sun.awt.CGraphicsEnvironment"/>
    <property name="java.endorsed.dirs" value="/Library/Java/JavaVirtualMachines/jdk1.8.0_131.jdk/Contents/Home/jre/lib/endorsed"/>
    <property name="os.arch" value="x86_64"/>
    <property name="java.io.tmpdir" value="/var/folders/49/0qk6srpd0_v2m0v94y9tnw64j42y8v/T/"/>
    <property name="line.separator" value="
"/>
    <property name="java.vm.specification.vendor" value="Oracle Corporation"/>
    <property name="os.name" value="Mac OS X"/>
    <property name="classworlds.conf" value="/Users/vinaysimha.varma/Desktop/apache-maven-3.6.2/bin/m2.conf"/>
    <property name="sun.jnu.encoding" value="UTF-8"/>
    <property name="java.library.path" value="/Users/vinaysimha.varma/Library/Java/Extensions:/Library/Java/Extensions:/Network/Library/Java/Extensions:/System/Library/Java/Extensions:/usr/lib/java:."/>
    <property name="maven.conf" value="/Users/vinaysimha.varma/Desktop/apache-maven-3.6.2/conf"/>
    <property name="java.specification.name" value="Java Platform API Specification"/>
    <property name="java.class.version" value="52.0"/>
    <property name="sun.management.compiler" value="HotSpot 64-Bit Tiered Compilers"/>
    <property name="os.version" value="10.13.6"/>
    <property name="library.jansi.path" value="/Users/vinaysimha.varma/Desktop/apache-maven-3.6.2/lib/jansi-native"/>
    <property name="http.nonProxyHosts" value="local|*.local|169.254/16|*.169.254/16"/>
    <property name="user.home" value="/Users/vinaysimha.varma"/>
    <property name="user.timezone" value="Asia/Kolkata"/>
    <property name="java.awt.printerjob" value="sun.lwawt.macosx.CPrinterJob"/>
    <property name="java.specification.version" value="1.8"/>
    <property name="file.encoding" value="UTF-8"/>
    <property name="user.name" value="vinaysimha.varma"/>
    <property name="java.class.path" value="/Users/vinaysimha.varma/Desktop/apache-maven-3.6.2/boot/plexus-classworlds-2.6.0.jar"/>
    <property name="java.vm.specification.version" value="1.8"/>
    <property name="sun.arch.data.model" value="64"/>
    <property name="java.home" value="/Library/Java/JavaVirtualMachines/jdk1.8.0_131.jdk/Contents/Home/jre"/>
    <property name="sun.java.command" value="org.codehaus.plexus.classworlds.launcher.Launcher test"/>
    <property name="java.specification.vendor" value="Oracle Corporation"/>
    <property name="user.language" value="en"/>
    <property name="awt.toolkit" value="sun.lwawt.macosx.LWCToolkit"/>
    <property name="java.vm.info" value="mixed mode"/>
    <property name="java.version" value="1.8.0_131"/>
    <property name="java.ext.dirs" value="/Users/vinaysimha.varma/Library/Java/Extensions:/Library/Java/JavaVirtualMachines/jdk1.8.0_131.jdk/Contents/Home/jre/lib/ext:/Library/Java/Extensions:/Network/Library/Java/Extensions:/System/Library/Java/Extensions:/usr/lib/java"/>
    <property name="sun.boot.class.path" value="/Library/Java/JavaVirtualMachines/jdk1.8.0_131.jdk/Contents/Home/jre/lib/resources.jar:/Library/Java/JavaVirtualMachines/jdk1.8.0_131.jdk/Contents/Home/jre/lib/rt.jar:/Library/Java/JavaVirtualMachines/jdk1.8.0_131.jdk/Contents/Home/jre/lib/sunrsasign.jar:/Library/Java/JavaVirtualMachines/jdk1.8.0_131.jdk/Contents/Home/jre/lib/jsse.jar:/Library/Java/JavaVirtualMachines/jdk1.8.0_131.jdk/Contents/Home/jre/lib/jce.jar:/Library/Java/JavaVirtualMachines/jdk1.8.0_131.jdk/Contents/Home/jre/lib/charsets.jar:/Library/Java/JavaVirtualMachines/jdk1.8.0_131.jdk/Contents/Home/jre/lib/jfr.jar:/Library/Java/JavaVirtualMachines/jdk1.8.0_131.jdk/Contents/Home/jre/classes"/>
    <property name="java.vendor" value="Oracle Corporation"/>
    <property name="maven.home" value="/Users/vinaysimha.varma/Desktop/apache-maven-3.6.2"/>
    <property name="file.separator" value="/"/>
    <property name="java.vendor.url.bug" value="http://bugreport.sun.com/bugreport/"/>
    <property name="sun.cpu.endian" value="little"/>
    <property name="sun.io.unicode.encoding" value="UnicodeBig"/>
    <property name="socksNonProxyHosts" value="local|*.local|169.254/16|*.169.254/16"/>
    <property name="ftp.nonProxyHosts" value="local|*.local|169.254/16|*.169.254/16"/>
    <property name="sun.cpu.isalist" value=""/>
  </properties>
  <testcase classname="Scenario: HTML Contact form" name="Given opened selected browser" time="0.001"/>
  <testcase classname="Scenario: HTML Contact form" name="When launch url" time="0"/>
  <testcase classname="Scenario: HTML Contact form" name="Then ToolsQA Page displayed" time="0"/>
  <testcase classname="Scenario: HTML Contact form" name="Given User is on HTML Contact form" time="0"/>
  <testcase classname="Scenario: HTML Contact form" name="When User enters text &quot;Vinay&quot; in &quot;First Name&quot;" time="0"/>
  <testcase classname="Scenario: HTML Contact form" name="And User enters text &quot;Varma&quot; in &quot;Last Name&quot;" time="0"/>
  <testcase classname="Scenario: HTML Contact form" name="And User enters text &quot;India&quot; in &quot;Country&quot;" time="0"/>
  <testcase classname="Scenario: HTML Contact form" name="Then Click button &quot;submit&quot;" time="0"/>
  <testcase classname="Scenario: HTML Contact form" name="And Target page found" time="0.001"/>
  <testcase classname="Scenario: HTML Contact form" name="Scenario: HTML Contact form" time="0.001"/>
  <testcase classname="Scenario: HTML Contact form1" name="Given opened selected browser" time="0"/>
  <testcase classname="Scenario: HTML Contact form1" name="When launch url" time="0"/>
  <testcase classname="Scenario: HTML Contact form1" name="Then ToolsQA Page displayed" time="0"/>
  <testcase classname="Scenario: HTML Contact form1" name="Given User is on HTML Contact form" time="0"/>
  <testcase classname="Scenario: HTML Contact form1" name="When User enters form with following details" time="0"/>
  <testcase classname="Scenario: HTML Contact form1" name="Then Click button &quot;submit&quot;" time="0"/>
  <testcase classname="Scenario: HTML Contact form1" name="And Target page found" time="0"/>
  <testcase classname="Scenario: HTML Contact form1" name="Scenario: HTML Contact form1" time="0"/>
  <testcase classname="Scenario: HTML Contact form2" name="Given opened selected browser" time="0"/>
  <testcase classname="Scenario: HTML Contact form2" name="When launch url" time="0"/>
  <testcase classname="Scenario: HTML Contact form2" name="Then ToolsQA Page displayed" time="0"/>
  <testcase classname="Scenario: HTML Contact form2" name="Given User is on HTML Contact form" time="0.001"/>
  <testcase classname="Scenario: HTML Contact form2" name="When User enters form with following details" time="0"/>
  <testcase classname="Scenario: HTML Contact form2" name="Then Click button &quot;submit&quot;" time="0"/>
  <testcase classname="Scenario: HTML Contact form2" name="And Target page found" time="0"/>
  <testcase classname="Scenario: HTML Contact form2" name="Scenario: HTML Contact form2" time="0"/>
  <testcase classname="| Vinay1 | Simha1 | India |" name="Given opened selected browser" time="0"/>
  <testcase classname="| Vinay1 | Simha1 | India |" name="When launch url" time="0"/>
  <testcase classname="| Vinay1 | Simha1 | India |" name="Then ToolsQA Page displayed" time="0"/>
  <testcase classname="| Vinay1 | Simha1 | India |" name="Given User is on HTML Contact form" time="0"/>
  <testcase classname="| Vinay1 | Simha1 | India |" name="When User enters form with Vinay1, Simha1, India" time="0.001">
    <skipped/>
  </testcase>
  <testcase classname="| Vinay1 | Simha1 | India |" name="Then Click button &quot;submit&quot;" time="0.002">
    <skipped/>
  </testcase>
  <testcase classname="| Vinay1 | Simha1 | India |" name="And Target page found" time="0.002">
    <skipped/>
  </testcase>
  <testcase classname="| Vinay1 | Simha1 | India |" name="| Vinay1 | Simha1 | India |" time="0.002">
    <skipped/>
  </testcase>
  <testcase classname="| Vinay1 | Simha1 | India |" name="| Vinay1 | Simha1 | India |" time="0.002"/>
  <testcase classname="| Vinay2 | Simha2 | United States |" name="Given opened selected browser" time="0"/>
  <testcase classname="| Vinay2 | Simha2 | United States |" name="When launch url" time="0"/>
  <testcase classname="| Vinay2 | Simha2 | United States |" name="Then ToolsQA Page displayed" time="0"/>
  <testcase classname="| Vinay2 | Simha2 | United States |" name="Given User is on HTML Contact form" time="0"/>
  <testcase classname="| Vinay2 | Simha2 | United States |" name="When User enters form with Vinay2, Simha2, United States" time="0">
    <skipped/>
  </testcase>
  <testcase classname="| Vinay2 | Simha2 | United States |" name="Then Click button &quot;submit&quot;" time="0.001">
    <skipped/>
  </testcase>
  <testcase classname="| Vinay2 | Simha2 | United States |" name="And Target page found" time="0.001">
    <skipped/>
  </testcase>
  <testcase classname="| Vinay2 | Simha2 | United States |" name="| Vinay2 | Simha2 | United States |" time="0.001">
    <skipped/>
  </testcase>
  <testcase classname="| Vinay2 | Simha2 | United States |" name="| Vinay2 | Simha2 | United States |" time="0.001"/>
  <testcase classname="| Vinay3 | Simha3 | Canada |" name="Given opened selected browser" time="0"/>
  <testcase classname="| Vinay3 | Simha3 | Canada |" name="When launch url" time="0"/>
  <testcase classname="| Vinay3 | Simha3 | Canada |" name="Then ToolsQA Page displayed" time="0"/>
  <testcase classname="| Vinay3 | Simha3 | Canada |" name="Given User is on HTML Contact form" time="0"/>
  <testcase classname="| Vinay3 | Simha3 | Canada |" name="When User enters form with Vinay3, Simha3, Canada" time="0">
    <skipped/>
  </testcase>
  <testcase classname="| Vinay3 | Simha3 | Canada |" name="Then Click button &quot;submit&quot;" time="0">
    <skipped/>
  </testcase>
  <testcase classname="| Vinay3 | Simha3 | Canada |" name="And Target page found" time="0">
    <skipped/>
  </testcase>
  <testcase classname="| Vinay3 | Simha3 | Canada |" name="| Vinay3 | Simha3 | Canada |" time="0">
    <skipped/>
  </testcase>
  <testcase classname="| Vinay3 | Simha3 | Canada |" name="| Vinay3 | Simha3 | Canada |" time="0"/>
  <testcase classname="| Vinay4 | Simha4 | Ireland |" name="Given opened selected browser" time="0"/>
  <testcase classname="| Vinay4 | Simha4 | Ireland |" name="When launch url" time="0"/>
  <testcase classname="| Vinay4 | Simha4 | Ireland |" name="Then ToolsQA Page displayed" time="0"/>
  <testcase classname="| Vinay4 | Simha4 | Ireland |" name="Given User is on HTML Contact form" time="0"/>
  <testcase classname="| Vinay4 | Simha4 | Ireland |" name="When User enters form with Vinay4, Simha4, Ireland" time="0">
    <skipped/>
  </testcase>
  <testcase classname="| Vinay4 | Simha4 | Ireland |" name="Then Click button &quot;submit&quot;" time="0">
    <skipped/>
  </testcase>
  <testcase classname="| Vinay4 | Simha4 | Ireland |" name="And Target page found" time="0">
    <skipped/>
  </testcase>
  <testcase classname="| Vinay4 | Simha4 | Ireland |" name="| Vinay4 | Simha4 | Ireland |" time="0">
    <skipped/>
  </testcase>
  <testcase classname="| Vinay4 | Simha4 | Ireland |" name="| Vinay4 | Simha4 | Ireland |" time="0"/>
</testsuite>